<?xml version="1.0" encoding="UTF-8"?>
<testExecutions version="1">
  <file path="/home/puneetv/Documents/web/react/Assignment/blinkist/src/component/molecule/Search/index.test.tsx">
    <testCase name="should render input box" duration="299"/>
    <testCase name="should render filtered result of length 2 for Employee search" duration="43">
      <failure message="TypeError: Network request failed"><![CDATA[TypeError: Network request failed
    at /home/puneetv/Documents/web/react/Assignment/blinkist/node_modules/whatwg-fetch/dist/fetch.umd.js:535:18
    at Timeout.task [as _onTimeout] (/home/puneetv/Documents/web/react/Assignment/blinkist/node_modules/jsdom/lib/jsdom/browser/Window.js:516:19)
    at listOnTimeout (node:internal/timers:568:17)
    at processTimers (node:internal/timers:510:7)]]></failure>
    </testCase>
  </file>
  <file path="/home/puneetv/Documents/web/react/Assignment/blinkist/src/component/organism/Header/index.test.tsx">
    <testCase name="Header search-state-button button should be clickable" duration="1">
      <failure message="TypeError: Network request failed"><![CDATA[TypeError: Network request failed
    at /home/puneetv/Documents/web/react/Assignment/blinkist/node_modules/whatwg-fetch/dist/fetch.umd.js:535:18
    at Timeout.task [as _onTimeout] (/home/puneetv/Documents/web/react/Assignment/blinkist/node_modules/jsdom/lib/jsdom/browser/Window.js:516:19)
    at listOnTimeout (node:internal/timers:568:17)
    at processTimers (node:internal/timers:510:7)]]></failure>
    </testCase>
  </file>
  <file path="/home/puneetv/Documents/web/react/Assignment/blinkist/src/component/organism/Card/index.test.tsx">
    <testCase name="should render same bookname text" duration="247"/>
    <testCase name="should render same writer name text" duration="78"/>
    <testCase name="should render same time read text" duration="61"/>
    <testCase name="should render white background color if inLibrary is true" duration="183"/>
    <testCase name="should render different color of card body when inLibrary is false as well as in hoveredState" duration="194"/>
    <testCase name="should render different color od card box when inLibrary is false as well as in hoveredState" duration="71"/>
    <testCase name="should card-library-handler be clickable and when inLIbrary is false" duration="57"/>
  </file>
  <file path="/home/puneetv/Documents/web/react/Assignment/blinkist/src/component/page/Home/index.test.tsx">
    <testCase name="Home should render input" duration="1">
      <failure message="TypeError: Network request failed"><![CDATA[TypeError: Network request failed
    at /home/puneetv/Documents/web/react/Assignment/blinkist/node_modules/whatwg-fetch/dist/fetch.umd.js:535:18
    at Timeout.task [as _onTimeout] (/home/puneetv/Documents/web/react/Assignment/blinkist/node_modules/jsdom/lib/jsdom/browser/Window.js:516:19)
    at listOnTimeout (node:internal/timers:568:17)
    at processTimers (node:internal/timers:510:7)]]></failure>
    </testCase>
    <testCase name="Home should render containers matching to data length" duration="0">
      <failure message="TypeError: Network request failed"><![CDATA[TypeError: Network request failed
    at /home/puneetv/Documents/web/react/Assignment/blinkist/node_modules/whatwg-fetch/dist/fetch.umd.js:535:18
    at Timeout.task [as _onTimeout] (/home/puneetv/Documents/web/react/Assignment/blinkist/node_modules/jsdom/lib/jsdom/browser/Window.js:516:19)
    at listOnTimeout (node:internal/timers:568:17)
    at processTimers (node:internal/timers:510:7)]]></failure>
    </testCase>
    <testCase name="Home should render a circularbox if library is empty" duration="0">
      <failure message="TypeError: Network request failed"><![CDATA[TypeError: Network request failed
    at /home/puneetv/Documents/web/react/Assignment/blinkist/node_modules/whatwg-fetch/dist/fetch.umd.js:535:18
    at Timeout.task [as _onTimeout] (/home/puneetv/Documents/web/react/Assignment/blinkist/node_modules/jsdom/lib/jsdom/browser/Window.js:516:19)
    at listOnTimeout (node:internal/timers:568:17)
    at processTimers (node:internal/timers:510:7)]]></failure>
    </testCase>
    <testCase name="Home clickable library handler" duration="0">
      <failure message="TypeError: Network request failed"><![CDATA[TypeError: Network request failed
    at /home/puneetv/Documents/web/react/Assignment/blinkist/node_modules/whatwg-fetch/dist/fetch.umd.js:535:18
    at Timeout.task [as _onTimeout] (/home/puneetv/Documents/web/react/Assignment/blinkist/node_modules/jsdom/lib/jsdom/browser/Window.js:516:19)
    at listOnTimeout (node:internal/timers:568:17)
    at processTimers (node:internal/timers:510:7)]]></failure>
    </testCase>
  </file>
  <file path="/home/puneetv/Documents/web/react/Assignment/blinkist/src/component/page/BookInfo/index.test.tsx">
    <testCase name="Book Info should render circular bar if data is empty" duration="1">
      <failure message="TypeError: Network request failed"><![CDATA[TypeError: Network request failed
    at /home/puneetv/Documents/web/react/Assignment/blinkist/node_modules/whatwg-fetch/dist/fetch.umd.js:535:18
    at Timeout.task [as _onTimeout] (/home/puneetv/Documents/web/react/Assignment/blinkist/node_modules/jsdom/lib/jsdom/browser/Window.js:516:19)
    at listOnTimeout (node:internal/timers:568:17)
    at processTimers (node:internal/timers:510:7)]]></failure>
    </testCase>
    <testCase name="Book Info should not render circular bar if data is not empty" duration="0">
      <failure message="TypeError: Network request failed"><![CDATA[TypeError: Network request failed
    at /home/puneetv/Documents/web/react/Assignment/blinkist/node_modules/whatwg-fetch/dist/fetch.umd.js:535:18
    at Timeout.task [as _onTimeout] (/home/puneetv/Documents/web/react/Assignment/blinkist/node_modules/jsdom/lib/jsdom/browser/Window.js:516:19)
    at listOnTimeout (node:internal/timers:568:17)
    at processTimers (node:internal/timers:510:7)]]></failure>
    </testCase>
    <testCase name="Book Info should render tabs with clickable option" duration="1">
      <failure message="TypeError: Network request failed"><![CDATA[TypeError: Network request failed
    at /home/puneetv/Documents/web/react/Assignment/blinkist/node_modules/whatwg-fetch/dist/fetch.umd.js:535:18
    at Timeout.task [as _onTimeout] (/home/puneetv/Documents/web/react/Assignment/blinkist/node_modules/jsdom/lib/jsdom/browser/Window.js:516:19)
    at listOnTimeout (node:internal/timers:568:17)
    at processTimers (node:internal/timers:510:7)]]></failure>
    </testCase>
    <testCase name="Book Info should render third tab with clickable option" duration="1">
      <failure message="TypeError: Network request failed"><![CDATA[TypeError: Network request failed
    at /home/puneetv/Documents/web/react/Assignment/blinkist/node_modules/whatwg-fetch/dist/fetch.umd.js:535:18
    at Timeout.task [as _onTimeout] (/home/puneetv/Documents/web/react/Assignment/blinkist/node_modules/jsdom/lib/jsdom/browser/Window.js:516:19)
    at listOnTimeout (node:internal/timers:568:17)
    at processTimers (node:internal/timers:510:7)]]></failure>
    </testCase>
  </file>
  <file path="/home/puneetv/Documents/web/react/Assignment/blinkist/src/component/page/MyLibrary/index.test.tsx">
    <testCase name="Library renders cicular progress bar if books are not available" duration="2">
      <failure message="TypeError: Network request failed"><![CDATA[TypeError: Network request failed
    at /home/puneetv/Documents/web/react/Assignment/blinkist/node_modules/whatwg-fetch/dist/fetch.umd.js:535:18
    at Timeout.task [as _onTimeout] (/home/puneetv/Documents/web/react/Assignment/blinkist/node_modules/jsdom/lib/jsdom/browser/Window.js:516:19)
    at listOnTimeout (node:internal/timers:568:17)
    at processTimers (node:internal/timers:510:7)]]></failure>
    </testCase>
    <testCase name="Library should not render cicular progress bar if books are available" duration="0">
      <failure message="TypeError: Network request failed"><![CDATA[TypeError: Network request failed
    at /home/puneetv/Documents/web/react/Assignment/blinkist/node_modules/whatwg-fetch/dist/fetch.umd.js:535:18
    at Timeout.task [as _onTimeout] (/home/puneetv/Documents/web/react/Assignment/blinkist/node_modules/jsdom/lib/jsdom/browser/Window.js:516:19)
    at listOnTimeout (node:internal/timers:568:17)
    at processTimers (node:internal/timers:510:7)]]></failure>
    </testCase>
    <testCase name="Library should render same no of finished books" duration="1">
      <failure message="TypeError: Network request failed"><![CDATA[TypeError: Network request failed
    at /home/puneetv/Documents/web/react/Assignment/blinkist/node_modules/whatwg-fetch/dist/fetch.umd.js:535:18
    at Timeout.task [as _onTimeout] (/home/puneetv/Documents/web/react/Assignment/blinkist/node_modules/jsdom/lib/jsdom/browser/Window.js:516:19)
    at listOnTimeout (node:internal/timers:568:17)
    at processTimers (node:internal/timers:510:7)]]></failure>
    </testCase>
    <testCase name="Library should render same no of currently books" duration="0">
      <failure message="TypeError: Network request failed"><![CDATA[TypeError: Network request failed
    at /home/puneetv/Documents/web/react/Assignment/blinkist/node_modules/whatwg-fetch/dist/fetch.umd.js:535:18
    at Timeout.task [as _onTimeout] (/home/puneetv/Documents/web/react/Assignment/blinkist/node_modules/jsdom/lib/jsdom/browser/Window.js:516:19)
    at listOnTimeout (node:internal/timers:568:17)
    at processTimers (node:internal/timers:510:7)]]></failure>
    </testCase>
  </file>
  <file path="/home/puneetv/Documents/web/react/Assignment/blinkist/src/component/template/Template/index.test.tsx">
    <testCase name="Template should render circular bar if data is empty" duration="1">
      <failure message="TypeError: Network request failed"><![CDATA[TypeError: Network request failed
    at /home/puneetv/Documents/web/react/Assignment/blinkist/node_modules/whatwg-fetch/dist/fetch.umd.js:535:18
    at Timeout.task [as _onTimeout] (/home/puneetv/Documents/web/react/Assignment/blinkist/node_modules/jsdom/lib/jsdom/browser/Window.js:516:19)
    at listOnTimeout (node:internal/timers:568:17)
    at processTimers (node:internal/timers:510:7)]]></failure>
    </testCase>
    <testCase name="Template should not render circular bar if data is not empty" duration="1">
      <failure message="TypeError: Network request failed"><![CDATA[TypeError: Network request failed
    at /home/puneetv/Documents/web/react/Assignment/blinkist/node_modules/whatwg-fetch/dist/fetch.umd.js:535:18
    at Timeout.task [as _onTimeout] (/home/puneetv/Documents/web/react/Assignment/blinkist/node_modules/jsdom/lib/jsdom/browser/Window.js:516:19)
    at listOnTimeout (node:internal/timers:568:17)
    at processTimers (node:internal/timers:510:7)]]></failure>
    </testCase>
    <testCase name="Template handle-explore button should be clickable" duration="0">
      <failure message="TypeError: Network request failed"><![CDATA[TypeError: Network request failed
    at /home/puneetv/Documents/web/react/Assignment/blinkist/node_modules/whatwg-fetch/dist/fetch.umd.js:535:18
    at Timeout.task [as _onTimeout] (/home/puneetv/Documents/web/react/Assignment/blinkist/node_modules/jsdom/lib/jsdom/browser/Window.js:516:19)
    at listOnTimeout (node:internal/timers:568:17)
    at processTimers (node:internal/timers:510:7)]]></failure>
    </testCase>
  </file>
  <file path="/home/puneetv/Documents/web/react/Assignment/blinkist/src/component/molecule/tabs/index.test.tsx">
    <testCase name="should render 2 tabw for 2 length data" duration="456"/>
    <testCase name="should have green indicator color for currently reading tab by default" duration="87"/>
  </file>
  <file path="/home/puneetv/Documents/web/react/Assignment/blinkist/src/component/atom/Input/index.test.tsx">
    <testCase name="should render input element" duration="255"/>
    <testCase name="should be able to type in input" duration="68"/>
  </file>
  <file path="/home/puneetv/Documents/web/react/Assignment/blinkist/src/component/organism/Footer/index.test.tsx">
    <testCase name="Footer renders logo" duration="351"/>
    <testCase name="Footer renders slogan text" duration="54"/>
    <testCase name="Footer renders three topics" duration="58"/>
  </file>
  <file path="/home/puneetv/Documents/web/react/Assignment/blinkist/src/component/molecule/Banner/index.test.tsx">
    <testCase name="Banner Heading" duration="118"/>
    <testCase name="Bannner discription" duration="28"/>
  </file>
  <file path="/home/puneetv/Documents/web/react/Assignment/blinkist/src/component/atom/ProgressBar/index.test.tsx">
    <testCase name="should render progressbar" duration="146"/>
    <testCase name="should render progressbar with value" duration="55"/>
    <testCase name="should render 0 for value undefined" duration="52"/>
  </file>
  <file path="/home/puneetv/Documents/web/react/Assignment/blinkist/src/component/molecule/NavIcon/index.test.tsx">
    <testCase name="render the nav icon as well as label" duration="107"/>
    <testCase name="Left icon" duration="23"/>
    <testCase name="Right icon" duration="19"/>
  </file>
  <file path="/home/puneetv/Documents/web/react/Assignment/blinkist/src/component/atom/Icon/index.test.tsx">
    <testCase name="should render passed icon" duration="69"/>
  </file>
  <file path="/home/puneetv/Documents/web/react/Assignment/blinkist/src/component/atom/Button/index.test.tsx">
    <testCase name="renders button with label" duration="161"/>
  </file>
  <file path="/home/puneetv/Documents/web/react/Assignment/blinkist/src/component/atom/Typography/index.test.tsx">
    <testCase name="should render progressbar" duration="62"/>
  </file>
  <file path="/home/puneetv/Documents/web/react/Assignment/blinkist/src/component/molecule/Logo/index.test.tsx">
    <testCase name="Logo" duration="63"/>
  </file>
  <file path="/home/puneetv/Documents/web/react/Assignment/blinkist/src/component/atom/Blank/index.test.tsx">
    <testCase name="renders button with label" duration="56"/>
  </file>
  <file path="/home/puneetv/Documents/web/react/Assignment/blinkist/src/component/organism/Explore/index.test.tsx">
    <testCase name="Explore render Explore by category heading" duration="267"/>
    <testCase name="Explore should recently added text to be clickable" duration="161"/>
    <testCase name="Explore should See popular titles to be clickable" duration="135"/>
    <testCase name="Explore Explore by category text should be blue" duration="154"/>
    <testCase name="Explore Nav Icon count should be 26" duration="119"/>
  </file>
</testExecutions>